[2025-10-12 16:04:27.021] [info] Loaded model H0918v3 from file ./models/H0918v3_squat.osim
[2025-10-12 16:04:27.022] [warning] Couldn't find file 'sacrum.vtp'.
[2025-10-12 16:04:27.022] [warning] Couldn't find file 'pelvis.vtp'.
[2025-10-12 16:04:27.023] [warning] Couldn't find file 'l_pelvis.vtp'.
[2025-10-12 16:04:27.023] [warning] Couldn't find file 'femur.vtp'.
[2025-10-12 16:04:27.023] [warning] Couldn't find file 'tibia.vtp'.
[2025-10-12 16:04:27.023] [warning] Couldn't find file 'fibula.vtp'.
[2025-10-12 16:04:27.023] [warning] Couldn't find file 'talus.vtp'.
[2025-10-12 16:04:27.023] [warning] Couldn't find file 'bofoot.vtp'.
[2025-10-12 16:04:27.023] [warning] Couldn't find file 'foot.vtp'.
[2025-10-12 16:04:27.023] [warning] Couldn't find file 'l_femur.vtp'.
[2025-10-12 16:04:27.024] [warning] Couldn't find file 'l_tibia.vtp'.
[2025-10-12 16:04:27.024] [warning] Couldn't find file 'l_fibula.vtp'.
[2025-10-12 16:04:27.024] [warning] Couldn't find file 'l_talus.vtp'.
[2025-10-12 16:04:27.024] [warning] Couldn't find file 'l_bofoot.vtp'.
[2025-10-12 16:04:27.024] [warning] Couldn't find file 'l_foot.vtp'.
[2025-10-12 16:04:27.024] [warning] Couldn't find file 'hat_spine.vtp'.
[2025-10-12 16:04:27.024] [warning] Couldn't find file 'hat_jaw.vtp'.
[2025-10-12 16:04:27.024] [warning] Couldn't find file 'hat_skull.vtp'.
[2025-10-12 16:04:27.025] [warning] Couldn't find file 'hat_ribs.vtp'.
[2025-10-12 16:04:38.549] [info] Loaded model H0918v3 from file ./models/H0918v3_squat.osim
[2025-10-12 16:04:38.550] [warning] Couldn't find file 'sacrum.vtp'.
[2025-10-12 16:04:38.550] [warning] Couldn't find file 'pelvis.vtp'.
[2025-10-12 16:04:38.550] [warning] Couldn't find file 'l_pelvis.vtp'.
[2025-10-12 16:04:38.550] [warning] Couldn't find file 'femur.vtp'.
[2025-10-12 16:04:38.550] [warning] Couldn't find file 'tibia.vtp'.
[2025-10-12 16:04:38.550] [warning] Couldn't find file 'fibula.vtp'.
[2025-10-12 16:04:38.551] [warning] Couldn't find file 'talus.vtp'.
[2025-10-12 16:04:38.551] [warning] Couldn't find file 'bofoot.vtp'.
[2025-10-12 16:04:38.551] [warning] Couldn't find file 'foot.vtp'.
[2025-10-12 16:04:38.551] [warning] Couldn't find file 'l_femur.vtp'.
[2025-10-12 16:04:38.551] [warning] Couldn't find file 'l_tibia.vtp'.
[2025-10-12 16:04:38.551] [warning] Couldn't find file 'l_fibula.vtp'.
[2025-10-12 16:04:38.551] [warning] Couldn't find file 'l_talus.vtp'.
[2025-10-12 16:04:38.551] [warning] Couldn't find file 'l_bofoot.vtp'.
[2025-10-12 16:04:38.551] [warning] Couldn't find file 'l_foot.vtp'.
[2025-10-12 16:04:38.552] [warning] Couldn't find file 'hat_spine.vtp'.
[2025-10-12 16:04:38.552] [warning] Couldn't find file 'hat_jaw.vtp'.
[2025-10-12 16:04:38.552] [warning] Couldn't find file 'hat_skull.vtp'.
[2025-10-12 16:04:38.552] [warning] Couldn't find file 'hat_ribs.vtp'.
[2025-10-12 16:12:57.160] [info] Loaded model H0918v3 from file ./models/H0918v3_squat.osim
[2025-10-12 16:12:57.161] [warning] Couldn't find file 'sacrum.vtp'.
[2025-10-12 16:12:57.161] [warning] Couldn't find file 'pelvis.vtp'.
[2025-10-12 16:12:57.161] [warning] Couldn't find file 'l_pelvis.vtp'.
[2025-10-12 16:12:57.161] [warning] Couldn't find file 'femur.vtp'.
[2025-10-12 16:12:57.161] [warning] Couldn't find file 'tibia.vtp'.
[2025-10-12 16:12:57.161] [warning] Couldn't find file 'fibula.vtp'.
[2025-10-12 16:12:57.162] [warning] Couldn't find file 'talus.vtp'.
[2025-10-12 16:12:57.162] [warning] Couldn't find file 'bofoot.vtp'.
[2025-10-12 16:12:57.162] [warning] Couldn't find file 'foot.vtp'.
[2025-10-12 16:12:57.162] [warning] Couldn't find file 'l_femur.vtp'.
[2025-10-12 16:12:57.162] [warning] Couldn't find file 'l_tibia.vtp'.
[2025-10-12 16:12:57.162] [warning] Couldn't find file 'l_fibula.vtp'.
[2025-10-12 16:12:57.162] [warning] Couldn't find file 'l_talus.vtp'.
[2025-10-12 16:12:57.162] [warning] Couldn't find file 'l_bofoot.vtp'.
[2025-10-12 16:12:57.162] [warning] Couldn't find file 'l_foot.vtp'.
[2025-10-12 16:12:57.162] [warning] Couldn't find file 'hat_spine.vtp'.
[2025-10-12 16:12:57.163] [warning] Couldn't find file 'hat_jaw.vtp'.
[2025-10-12 16:12:57.163] [warning] Couldn't find file 'hat_skull.vtp'.
[2025-10-12 16:12:57.163] [warning] Couldn't find file 'hat_ribs.vtp'.
[2025-10-12 16:13:57.757] [info] Loaded model H0918v3 from file ./models/H0918v3_squat.osim
[2025-10-12 16:13:57.757] [warning] Couldn't find file 'sacrum.vtp'.
[2025-10-12 16:13:57.757] [warning] Couldn't find file 'pelvis.vtp'.
[2025-10-12 16:13:57.757] [warning] Couldn't find file 'l_pelvis.vtp'.
[2025-10-12 16:13:57.757] [warning] Couldn't find file 'femur.vtp'.
[2025-10-12 16:13:57.758] [warning] Couldn't find file 'tibia.vtp'.
[2025-10-12 16:13:57.758] [warning] Couldn't find file 'fibula.vtp'.
[2025-10-12 16:13:57.758] [warning] Couldn't find file 'talus.vtp'.
[2025-10-12 16:13:57.758] [warning] Couldn't find file 'bofoot.vtp'.
[2025-10-12 16:13:57.758] [warning] Couldn't find file 'foot.vtp'.
[2025-10-12 16:13:57.758] [warning] Couldn't find file 'l_femur.vtp'.
[2025-10-12 16:13:57.758] [warning] Couldn't find file 'l_tibia.vtp'.
[2025-10-12 16:13:57.758] [warning] Couldn't find file 'l_fibula.vtp'.
[2025-10-12 16:13:57.758] [warning] Couldn't find file 'l_talus.vtp'.
[2025-10-12 16:13:57.759] [warning] Couldn't find file 'l_bofoot.vtp'.
[2025-10-12 16:13:57.759] [warning] Couldn't find file 'l_foot.vtp'.
[2025-10-12 16:13:57.759] [warning] Couldn't find file 'hat_spine.vtp'.
[2025-10-12 16:13:57.759] [warning] Couldn't find file 'hat_jaw.vtp'.
[2025-10-12 16:13:57.759] [warning] Couldn't find file 'hat_skull.vtp'.
[2025-10-12 16:13:57.759] [warning] Couldn't find file 'hat_ribs.vtp'.
[2025-10-12 16:14:47.802] [info] Loaded model H0918v3 from file ./models/H0918v3_squat.osim
[2025-10-12 16:14:47.802] [warning] Couldn't find file 'sacrum.vtp'.
[2025-10-12 16:14:47.802] [warning] Couldn't find file 'pelvis.vtp'.
[2025-10-12 16:14:47.802] [warning] Couldn't find file 'l_pelvis.vtp'.
[2025-10-12 16:14:47.803] [warning] Couldn't find file 'femur.vtp'.
[2025-10-12 16:14:47.803] [warning] Couldn't find file 'tibia.vtp'.
[2025-10-12 16:14:47.803] [warning] Couldn't find file 'fibula.vtp'.
[2025-10-12 16:14:47.803] [warning] Couldn't find file 'talus.vtp'.
[2025-10-12 16:14:47.803] [warning] Couldn't find file 'bofoot.vtp'.
[2025-10-12 16:14:47.803] [warning] Couldn't find file 'foot.vtp'.
[2025-10-12 16:14:47.803] [warning] Couldn't find file 'l_femur.vtp'.
[2025-10-12 16:14:47.803] [warning] Couldn't find file 'l_tibia.vtp'.
[2025-10-12 16:14:47.803] [warning] Couldn't find file 'l_fibula.vtp'.
[2025-10-12 16:14:47.803] [warning] Couldn't find file 'l_talus.vtp'.
[2025-10-12 16:14:47.804] [warning] Couldn't find file 'l_bofoot.vtp'.
[2025-10-12 16:14:47.804] [warning] Couldn't find file 'l_foot.vtp'.
[2025-10-12 16:14:47.804] [warning] Couldn't find file 'hat_spine.vtp'.
[2025-10-12 16:14:47.804] [warning] Couldn't find file 'hat_jaw.vtp'.
[2025-10-12 16:14:47.804] [warning] Couldn't find file 'hat_skull.vtp'.
[2025-10-12 16:14:47.804] [warning] Couldn't find file 'hat_ribs.vtp'.
[2025-10-12 16:15:40.313] [info] Loaded model H0918v3 from file ./models/H0918v3_squat.osim
[2025-10-12 16:15:40.313] [warning] Couldn't find file 'sacrum.vtp'.
[2025-10-12 16:15:40.313] [warning] Couldn't find file 'pelvis.vtp'.
[2025-10-12 16:15:40.314] [warning] Couldn't find file 'l_pelvis.vtp'.
[2025-10-12 16:15:40.314] [warning] Couldn't find file 'femur.vtp'.
[2025-10-12 16:15:40.314] [warning] Couldn't find file 'tibia.vtp'.
[2025-10-12 16:15:40.314] [warning] Couldn't find file 'fibula.vtp'.
[2025-10-12 16:15:40.314] [warning] Couldn't find file 'talus.vtp'.
[2025-10-12 16:15:40.314] [warning] Couldn't find file 'bofoot.vtp'.
[2025-10-12 16:15:40.314] [warning] Couldn't find file 'foot.vtp'.
[2025-10-12 16:15:40.314] [warning] Couldn't find file 'l_femur.vtp'.
[2025-10-12 16:15:40.314] [warning] Couldn't find file 'l_tibia.vtp'.
[2025-10-12 16:15:40.315] [warning] Couldn't find file 'l_fibula.vtp'.
[2025-10-12 16:15:40.315] [warning] Couldn't find file 'l_talus.vtp'.
[2025-10-12 16:15:40.315] [warning] Couldn't find file 'l_bofoot.vtp'.
[2025-10-12 16:15:40.315] [warning] Couldn't find file 'l_foot.vtp'.
[2025-10-12 16:15:40.315] [warning] Couldn't find file 'hat_spine.vtp'.
[2025-10-12 16:15:40.315] [warning] Couldn't find file 'hat_jaw.vtp'.
[2025-10-12 16:15:40.315] [warning] Couldn't find file 'hat_skull.vtp'.
[2025-10-12 16:15:40.315] [warning] Couldn't find file 'hat_ribs.vtp'.
[2025-10-12 16:20:40.636] [info] Loaded model H0918v3 from file ./models/H0918v3_squat.osim
[2025-10-12 16:20:40.636] [warning] Couldn't find file 'sacrum.vtp'.
[2025-10-12 16:20:40.636] [warning] Couldn't find file 'pelvis.vtp'.
[2025-10-12 16:20:40.636] [warning] Couldn't find file 'l_pelvis.vtp'.
[2025-10-12 16:20:40.637] [warning] Couldn't find file 'femur.vtp'.
[2025-10-12 16:20:40.637] [warning] Couldn't find file 'tibia.vtp'.
[2025-10-12 16:20:40.637] [warning] Couldn't find file 'fibula.vtp'.
[2025-10-12 16:20:40.637] [warning] Couldn't find file 'talus.vtp'.
[2025-10-12 16:20:40.637] [warning] Couldn't find file 'bofoot.vtp'.
[2025-10-12 16:20:40.637] [warning] Couldn't find file 'foot.vtp'.
[2025-10-12 16:20:40.637] [warning] Couldn't find file 'l_femur.vtp'.
[2025-10-12 16:20:40.637] [warning] Couldn't find file 'l_tibia.vtp'.
[2025-10-12 16:20:40.637] [warning] Couldn't find file 'l_fibula.vtp'.
[2025-10-12 16:20:40.637] [warning] Couldn't find file 'l_talus.vtp'.
[2025-10-12 16:20:40.638] [warning] Couldn't find file 'l_bofoot.vtp'.
[2025-10-12 16:20:40.638] [warning] Couldn't find file 'l_foot.vtp'.
[2025-10-12 16:20:40.638] [warning] Couldn't find file 'hat_spine.vtp'.
[2025-10-12 16:20:40.638] [warning] Couldn't find file 'hat_jaw.vtp'.
[2025-10-12 16:20:40.638] [warning] Couldn't find file 'hat_skull.vtp'.
[2025-10-12 16:20:40.638] [warning] Couldn't find file 'hat_ribs.vtp'.
[2025-10-12 16:21:28.331] [info] Loaded model H0918v3 from file ./models/H0918v3_squat.osim
[2025-10-12 16:21:28.331] [warning] Couldn't find file 'sacrum.vtp'.
[2025-10-12 16:21:28.332] [warning] Couldn't find file 'pelvis.vtp'.
[2025-10-12 16:21:28.332] [warning] Couldn't find file 'l_pelvis.vtp'.
[2025-10-12 16:21:28.332] [warning] Couldn't find file 'femur.vtp'.
[2025-10-12 16:21:28.332] [warning] Couldn't find file 'tibia.vtp'.
[2025-10-12 16:21:28.332] [warning] Couldn't find file 'fibula.vtp'.
[2025-10-12 16:21:28.332] [warning] Couldn't find file 'talus.vtp'.
[2025-10-12 16:21:28.332] [warning] Couldn't find file 'bofoot.vtp'.
[2025-10-12 16:21:28.332] [warning] Couldn't find file 'foot.vtp'.
[2025-10-12 16:21:28.332] [warning] Couldn't find file 'l_femur.vtp'.
[2025-10-12 16:21:28.333] [warning] Couldn't find file 'l_tibia.vtp'.
[2025-10-12 16:21:28.333] [warning] Couldn't find file 'l_fibula.vtp'.
[2025-10-12 16:21:28.333] [warning] Couldn't find file 'l_talus.vtp'.
[2025-10-12 16:21:28.333] [warning] Couldn't find file 'l_bofoot.vtp'.
[2025-10-12 16:21:28.333] [warning] Couldn't find file 'l_foot.vtp'.
[2025-10-12 16:21:28.333] [warning] Couldn't find file 'hat_spine.vtp'.
[2025-10-12 16:21:28.333] [warning] Couldn't find file 'hat_jaw.vtp'.
[2025-10-12 16:21:28.333] [warning] Couldn't find file 'hat_skull.vtp'.
[2025-10-12 16:21:28.333] [warning] Couldn't find file 'hat_ribs.vtp'.
[2025-10-12 16:22:01.162] [info] Loaded model H0918v3 from file ./models/H0918v3_squat.osim
[2025-10-12 16:22:01.163] [warning] Couldn't find file 'sacrum.vtp'.
[2025-10-12 16:22:01.163] [warning] Couldn't find file 'pelvis.vtp'.
[2025-10-12 16:22:01.163] [warning] Couldn't find file 'l_pelvis.vtp'.
[2025-10-12 16:22:01.163] [warning] Couldn't find file 'femur.vtp'.
[2025-10-12 16:22:01.163] [warning] Couldn't find file 'tibia.vtp'.
[2025-10-12 16:22:01.163] [warning] Couldn't find file 'fibula.vtp'.
[2025-10-12 16:22:01.163] [warning] Couldn't find file 'talus.vtp'.
[2025-10-12 16:22:01.163] [warning] Couldn't find file 'bofoot.vtp'.
[2025-10-12 16:22:01.164] [warning] Couldn't find file 'foot.vtp'.
[2025-10-12 16:22:01.164] [warning] Couldn't find file 'l_femur.vtp'.
[2025-10-12 16:22:01.164] [warning] Couldn't find file 'l_tibia.vtp'.
[2025-10-12 16:22:01.164] [warning] Couldn't find file 'l_fibula.vtp'.
[2025-10-12 16:22:01.164] [warning] Couldn't find file 'l_talus.vtp'.
[2025-10-12 16:22:01.164] [warning] Couldn't find file 'l_bofoot.vtp'.
[2025-10-12 16:22:01.164] [warning] Couldn't find file 'l_foot.vtp'.
[2025-10-12 16:22:01.164] [warning] Couldn't find file 'hat_spine.vtp'.
[2025-10-12 16:22:01.164] [warning] Couldn't find file 'hat_jaw.vtp'.
[2025-10-12 16:22:01.165] [warning] Couldn't find file 'hat_skull.vtp'.
[2025-10-12 16:22:01.165] [warning] Couldn't find file 'hat_ribs.vtp'.
[2025-10-12 16:29:57.563] [info] Loaded model H0918v3 from file ./models/H0918v3_squat.osim
[2025-10-12 16:29:57.564] [warning] Couldn't find file 'sacrum.vtp'.
[2025-10-12 16:29:57.564] [warning] Couldn't find file 'pelvis.vtp'.
[2025-10-12 16:29:57.564] [warning] Couldn't find file 'l_pelvis.vtp'.
[2025-10-12 16:29:57.564] [warning] Couldn't find file 'femur.vtp'.
[2025-10-12 16:29:57.564] [warning] Couldn't find file 'tibia.vtp'.
[2025-10-12 16:29:57.564] [warning] Couldn't find file 'fibula.vtp'.
[2025-10-12 16:29:57.564] [warning] Couldn't find file 'talus.vtp'.
[2025-10-12 16:29:57.564] [warning] Couldn't find file 'bofoot.vtp'.
[2025-10-12 16:29:57.565] [warning] Couldn't find file 'foot.vtp'.
[2025-10-12 16:29:57.565] [warning] Couldn't find file 'l_femur.vtp'.
[2025-10-12 16:29:57.565] [warning] Couldn't find file 'l_tibia.vtp'.
[2025-10-12 16:29:57.565] [warning] Couldn't find file 'l_fibula.vtp'.
[2025-10-12 16:29:57.565] [warning] Couldn't find file 'l_talus.vtp'.
[2025-10-12 16:29:57.565] [warning] Couldn't find file 'l_bofoot.vtp'.
[2025-10-12 16:29:57.565] [warning] Couldn't find file 'l_foot.vtp'.
[2025-10-12 16:29:57.565] [warning] Couldn't find file 'hat_spine.vtp'.
[2025-10-12 16:29:57.565] [warning] Couldn't find file 'hat_jaw.vtp'.
[2025-10-12 16:29:57.565] [warning] Couldn't find file 'hat_skull.vtp'.
[2025-10-12 16:29:57.566] [warning] Couldn't find file 'hat_ribs.vtp'.
[2025-10-12 16:39:43.356] [info] Loaded model H0918v3 from file ./models/H0918v3_squat.osim
[2025-10-12 16:39:43.357] [warning] Couldn't find file 'sacrum.vtp'.
[2025-10-12 16:39:43.357] [warning] Couldn't find file 'pelvis.vtp'.
[2025-10-12 16:39:43.357] [warning] Couldn't find file 'l_pelvis.vtp'.
[2025-10-12 16:39:43.357] [warning] Couldn't find file 'femur.vtp'.
[2025-10-12 16:39:43.357] [warning] Couldn't find file 'tibia.vtp'.
[2025-10-12 16:39:43.357] [warning] Couldn't find file 'fibula.vtp'.
[2025-10-12 16:39:43.357] [warning] Couldn't find file 'talus.vtp'.
[2025-10-12 16:39:43.358] [warning] Couldn't find file 'bofoot.vtp'.
[2025-10-12 16:39:43.358] [warning] Couldn't find file 'foot.vtp'.
[2025-10-12 16:39:43.358] [warning] Couldn't find file 'l_femur.vtp'.
[2025-10-12 16:39:43.358] [warning] Couldn't find file 'l_tibia.vtp'.
[2025-10-12 16:39:43.358] [warning] Couldn't find file 'l_fibula.vtp'.
[2025-10-12 16:39:43.358] [warning] Couldn't find file 'l_talus.vtp'.
[2025-10-12 16:39:43.358] [warning] Couldn't find file 'l_bofoot.vtp'.
[2025-10-12 16:39:43.358] [warning] Couldn't find file 'l_foot.vtp'.
[2025-10-12 16:39:43.358] [warning] Couldn't find file 'hat_spine.vtp'.
[2025-10-12 16:39:43.358] [warning] Couldn't find file 'hat_jaw.vtp'.
[2025-10-12 16:39:43.359] [warning] Couldn't find file 'hat_skull.vtp'.
[2025-10-12 16:39:43.359] [warning] Couldn't find file 'hat_ribs.vtp'.
[2025-10-12 16:41:24.144] [info] Loaded model H0918v3 from file ./models/H0918v3_squat.osim
[2025-10-12 16:41:24.145] [warning] Couldn't find file 'sacrum.vtp'.
[2025-10-12 16:41:24.145] [warning] Couldn't find file 'pelvis.vtp'.
[2025-10-12 16:41:24.145] [warning] Couldn't find file 'l_pelvis.vtp'.
[2025-10-12 16:41:24.145] [warning] Couldn't find file 'femur.vtp'.
[2025-10-12 16:41:24.145] [warning] Couldn't find file 'tibia.vtp'.
[2025-10-12 16:41:24.145] [warning] Couldn't find file 'fibula.vtp'.
[2025-10-12 16:41:24.145] [warning] Couldn't find file 'talus.vtp'.
[2025-10-12 16:41:24.146] [warning] Couldn't find file 'bofoot.vtp'.
[2025-10-12 16:41:24.146] [warning] Couldn't find file 'foot.vtp'.
[2025-10-12 16:41:24.146] [warning] Couldn't find file 'l_femur.vtp'.
[2025-10-12 16:41:24.146] [warning] Couldn't find file 'l_tibia.vtp'.
[2025-10-12 16:41:24.146] [warning] Couldn't find file 'l_fibula.vtp'.
[2025-10-12 16:41:24.146] [warning] Couldn't find file 'l_talus.vtp'.
[2025-10-12 16:41:24.146] [warning] Couldn't find file 'l_bofoot.vtp'.
[2025-10-12 16:41:24.146] [warning] Couldn't find file 'l_foot.vtp'.
[2025-10-12 16:41:24.146] [warning] Couldn't find file 'hat_spine.vtp'.
[2025-10-12 16:41:24.146] [warning] Couldn't find file 'hat_jaw.vtp'.
[2025-10-12 16:41:24.146] [warning] Couldn't find file 'hat_skull.vtp'.
[2025-10-12 16:41:24.147] [warning] Couldn't find file 'hat_ribs.vtp'.
[2025-10-12 16:42:56.763] [info] Loaded model H0918v3 from file ./models/H0918v3_squat.osim
[2025-10-12 16:42:56.764] [warning] Couldn't find file 'sacrum.vtp'.
[2025-10-12 16:42:56.764] [warning] Couldn't find file 'pelvis.vtp'.
[2025-10-12 16:42:56.764] [warning] Couldn't find file 'l_pelvis.vtp'.
[2025-10-12 16:42:56.764] [warning] Couldn't find file 'femur.vtp'.
[2025-10-12 16:42:56.764] [warning] Couldn't find file 'tibia.vtp'.
[2025-10-12 16:42:56.764] [warning] Couldn't find file 'fibula.vtp'.
[2025-10-12 16:42:56.764] [warning] Couldn't find file 'talus.vtp'.
[2025-10-12 16:42:56.764] [warning] Couldn't find file 'bofoot.vtp'.
[2025-10-12 16:42:56.765] [warning] Couldn't find file 'foot.vtp'.
[2025-10-12 16:42:56.765] [warning] Couldn't find file 'l_femur.vtp'.
[2025-10-12 16:42:56.765] [warning] Couldn't find file 'l_tibia.vtp'.
[2025-10-12 16:42:56.765] [warning] Couldn't find file 'l_fibula.vtp'.
[2025-10-12 16:42:56.765] [warning] Couldn't find file 'l_talus.vtp'.
[2025-10-12 16:42:56.765] [warning] Couldn't find file 'l_bofoot.vtp'.
[2025-10-12 16:42:56.765] [warning] Couldn't find file 'l_foot.vtp'.
[2025-10-12 16:42:56.765] [warning] Couldn't find file 'hat_spine.vtp'.
[2025-10-12 16:42:56.765] [warning] Couldn't find file 'hat_jaw.vtp'.
[2025-10-12 16:42:56.765] [warning] Couldn't find file 'hat_skull.vtp'.
[2025-10-12 16:42:56.766] [warning] Couldn't find file 'hat_ribs.vtp'.
[2025-10-12 16:43:49.828] [info] Loaded model H0918v3 from file ./models/H0918v3_squat.osim
[2025-10-12 16:43:49.828] [warning] Couldn't find file 'sacrum.vtp'.
[2025-10-12 16:43:49.828] [warning] Couldn't find file 'pelvis.vtp'.
[2025-10-12 16:43:49.829] [warning] Couldn't find file 'l_pelvis.vtp'.
[2025-10-12 16:43:49.829] [warning] Couldn't find file 'femur.vtp'.
[2025-10-12 16:43:49.829] [warning] Couldn't find file 'tibia.vtp'.
[2025-10-12 16:43:49.829] [warning] Couldn't find file 'fibula.vtp'.
[2025-10-12 16:43:49.829] [warning] Couldn't find file 'talus.vtp'.
[2025-10-12 16:43:49.829] [warning] Couldn't find file 'bofoot.vtp'.
[2025-10-12 16:43:49.829] [warning] Couldn't find file 'foot.vtp'.
[2025-10-12 16:43:49.829] [warning] Couldn't find file 'l_femur.vtp'.
[2025-10-12 16:43:49.829] [warning] Couldn't find file 'l_tibia.vtp'.
[2025-10-12 16:43:49.829] [warning] Couldn't find file 'l_fibula.vtp'.
[2025-10-12 16:43:49.830] [warning] Couldn't find file 'l_talus.vtp'.
[2025-10-12 16:43:49.830] [warning] Couldn't find file 'l_bofoot.vtp'.
[2025-10-12 16:43:49.830] [warning] Couldn't find file 'l_foot.vtp'.
[2025-10-12 16:43:49.830] [warning] Couldn't find file 'hat_spine.vtp'.
[2025-10-12 16:43:49.830] [warning] Couldn't find file 'hat_jaw.vtp'.
[2025-10-12 16:43:49.830] [warning] Couldn't find file 'hat_skull.vtp'.
[2025-10-12 16:43:49.830] [warning] Couldn't find file 'hat_ribs.vtp'.
[2025-10-12 16:43:51.367] [info] Loaded model H0918v3 from file ./models/H0918v3_squat.osim
[2025-10-12 16:43:51.367] [warning] Couldn't find file 'sacrum.vtp'.
[2025-10-12 16:43:51.367] [warning] Couldn't find file 'pelvis.vtp'.
[2025-10-12 16:43:51.367] [warning] Couldn't find file 'l_pelvis.vtp'.
[2025-10-12 16:43:51.367] [warning] Couldn't find file 'femur.vtp'.
[2025-10-12 16:43:51.368] [warning] Couldn't find file 'tibia.vtp'.
[2025-10-12 16:43:51.368] [warning] Couldn't find file 'fibula.vtp'.
[2025-10-12 16:43:51.368] [warning] Couldn't find file 'talus.vtp'.
[2025-10-12 16:43:51.368] [warning] Couldn't find file 'bofoot.vtp'.
[2025-10-12 16:43:51.368] [warning] Couldn't find file 'foot.vtp'.
[2025-10-12 16:43:51.368] [warning] Couldn't find file 'l_femur.vtp'.
[2025-10-12 16:43:51.368] [warning] Couldn't find file 'l_tibia.vtp'.
[2025-10-12 16:43:51.368] [warning] Couldn't find file 'l_fibula.vtp'.
[2025-10-12 16:43:51.369] [warning] Couldn't find file 'l_talus.vtp'.
[2025-10-12 16:43:51.369] [warning] Couldn't find file 'l_bofoot.vtp'.
[2025-10-12 16:43:51.369] [warning] Couldn't find file 'l_foot.vtp'.
[2025-10-12 16:43:51.369] [warning] Couldn't find file 'hat_spine.vtp'.
[2025-10-12 16:43:51.369] [warning] Couldn't find file 'hat_jaw.vtp'.
[2025-10-12 16:43:51.369] [warning] Couldn't find file 'hat_skull.vtp'.
[2025-10-12 16:43:51.369] [warning] Couldn't find file 'hat_ribs.vtp'.
[2025-10-12 16:43:52.907] [info] Loaded model H0918v3 from file ./models/H0918v3_squat.osim
[2025-10-12 16:43:52.907] [warning] Couldn't find file 'sacrum.vtp'.
[2025-10-12 16:43:52.907] [warning] Couldn't find file 'pelvis.vtp'.
[2025-10-12 16:43:52.907] [warning] Couldn't find file 'l_pelvis.vtp'.
[2025-10-12 16:43:52.907] [warning] Couldn't find file 'femur.vtp'.
[2025-10-12 16:43:52.908] [warning] Couldn't find file 'tibia.vtp'.
[2025-10-12 16:43:52.908] [warning] Couldn't find file 'fibula.vtp'.
[2025-10-12 16:43:52.908] [warning] Couldn't find file 'talus.vtp'.
[2025-10-12 16:43:52.908] [warning] Couldn't find file 'bofoot.vtp'.
[2025-10-12 16:43:52.908] [warning] Couldn't find file 'foot.vtp'.
[2025-10-12 16:43:52.908] [warning] Couldn't find file 'l_femur.vtp'.
[2025-10-12 16:43:52.908] [warning] Couldn't find file 'l_tibia.vtp'.
[2025-10-12 16:43:52.908] [warning] Couldn't find file 'l_fibula.vtp'.
[2025-10-12 16:43:52.908] [warning] Couldn't find file 'l_talus.vtp'.
[2025-10-12 16:43:52.908] [warning] Couldn't find file 'l_bofoot.vtp'.
[2025-10-12 16:43:52.909] [warning] Couldn't find file 'l_foot.vtp'.
[2025-10-12 16:43:52.909] [warning] Couldn't find file 'hat_spine.vtp'.
[2025-10-12 16:43:52.909] [warning] Couldn't find file 'hat_jaw.vtp'.
[2025-10-12 16:43:52.909] [warning] Couldn't find file 'hat_skull.vtp'.
[2025-10-12 16:43:52.909] [warning] Couldn't find file 'hat_ribs.vtp'.
[2025-10-12 16:43:54.450] [info] Loaded model H0918v3 from file ./models/H0918v3_squat.osim
[2025-10-12 16:43:54.450] [warning] Couldn't find file 'sacrum.vtp'.
[2025-10-12 16:43:54.450] [warning] Couldn't find file 'pelvis.vtp'.
[2025-10-12 16:43:54.450] [warning] Couldn't find file 'l_pelvis.vtp'.
[2025-10-12 16:43:54.451] [warning] Couldn't find file 'femur.vtp'.
[2025-10-12 16:43:54.451] [warning] Couldn't find file 'tibia.vtp'.
[2025-10-12 16:43:54.451] [warning] Couldn't find file 'fibula.vtp'.
[2025-10-12 16:43:54.451] [warning] Couldn't find file 'talus.vtp'.
[2025-10-12 16:43:54.451] [warning] Couldn't find file 'bofoot.vtp'.
[2025-10-12 16:43:54.451] [warning] Couldn't find file 'foot.vtp'.
[2025-10-12 16:43:54.451] [warning] Couldn't find file 'l_femur.vtp'.
[2025-10-12 16:43:54.451] [warning] Couldn't find file 'l_tibia.vtp'.
[2025-10-12 16:43:54.451] [warning] Couldn't find file 'l_fibula.vtp'.
[2025-10-12 16:43:54.452] [warning] Couldn't find file 'l_talus.vtp'.
[2025-10-12 16:43:54.452] [warning] Couldn't find file 'l_bofoot.vtp'.
[2025-10-12 16:43:54.452] [warning] Couldn't find file 'l_foot.vtp'.
[2025-10-12 16:43:54.452] [warning] Couldn't find file 'hat_spine.vtp'.
[2025-10-12 16:43:54.452] [warning] Couldn't find file 'hat_jaw.vtp'.
[2025-10-12 16:43:54.452] [warning] Couldn't find file 'hat_skull.vtp'.
[2025-10-12 16:43:54.452] [warning] Couldn't find file 'hat_ribs.vtp'.
[2025-10-12 16:43:56.003] [info] Loaded model H0918v3 from file ./models/H0918v3_squat.osim
[2025-10-12 16:43:56.003] [warning] Couldn't find file 'sacrum.vtp'.
[2025-10-12 16:43:56.003] [warning] Couldn't find file 'pelvis.vtp'.
[2025-10-12 16:43:56.003] [warning] Couldn't find file 'l_pelvis.vtp'.
[2025-10-12 16:43:56.004] [warning] Couldn't find file 'femur.vtp'.
[2025-10-12 16:43:56.004] [warning] Couldn't find file 'tibia.vtp'.
[2025-10-12 16:43:56.004] [warning] Couldn't find file 'fibula.vtp'.
[2025-10-12 16:43:56.004] [warning] Couldn't find file 'talus.vtp'.
[2025-10-12 16:43:56.004] [warning] Couldn't find file 'bofoot.vtp'.
[2025-10-12 16:43:56.004] [warning] Couldn't find file 'foot.vtp'.
[2025-10-12 16:43:56.004] [warning] Couldn't find file 'l_femur.vtp'.
[2025-10-12 16:43:56.005] [warning] Couldn't find file 'l_tibia.vtp'.
[2025-10-12 16:43:56.005] [warning] Couldn't find file 'l_fibula.vtp'.
[2025-10-12 16:43:56.005] [warning] Couldn't find file 'l_talus.vtp'.
[2025-10-12 16:43:56.005] [warning] Couldn't find file 'l_bofoot.vtp'.
[2025-10-12 16:43:56.005] [warning] Couldn't find file 'l_foot.vtp'.
[2025-10-12 16:43:56.005] [warning] Couldn't find file 'hat_spine.vtp'.
[2025-10-12 16:43:56.005] [warning] Couldn't find file 'hat_jaw.vtp'.
[2025-10-12 16:43:56.005] [warning] Couldn't find file 'hat_skull.vtp'.
[2025-10-12 16:43:56.005] [warning] Couldn't find file 'hat_ribs.vtp'.
[2025-10-12 18:14:32.646] [info] Loaded model H0918v3 from file ./models/H0918v3_squat.osim
[2025-10-12 18:14:32.646] [warning] Couldn't find file 'sacrum.vtp'.
[2025-10-12 18:14:32.646] [warning] Couldn't find file 'pelvis.vtp'.
[2025-10-12 18:14:32.646] [warning] Couldn't find file 'l_pelvis.vtp'.
[2025-10-12 18:14:32.647] [warning] Couldn't find file 'femur.vtp'.
[2025-10-12 18:14:32.647] [warning] Couldn't find file 'tibia.vtp'.
[2025-10-12 18:14:32.647] [warning] Couldn't find file 'fibula.vtp'.
[2025-10-12 18:14:32.647] [warning] Couldn't find file 'talus.vtp'.
[2025-10-12 18:14:32.647] [warning] Couldn't find file 'bofoot.vtp'.
[2025-10-12 18:14:32.647] [warning] Couldn't find file 'foot.vtp'.
[2025-10-12 18:14:32.647] [warning] Couldn't find file 'l_femur.vtp'.
[2025-10-12 18:14:32.647] [warning] Couldn't find file 'l_tibia.vtp'.
[2025-10-12 18:14:32.647] [warning] Couldn't find file 'l_fibula.vtp'.
[2025-10-12 18:14:32.647] [warning] Couldn't find file 'l_talus.vtp'.
[2025-10-12 18:14:32.647] [warning] Couldn't find file 'l_bofoot.vtp'.
[2025-10-12 18:14:32.648] [warning] Couldn't find file 'l_foot.vtp'.
[2025-10-12 18:14:32.648] [warning] Couldn't find file 'hat_spine.vtp'.
[2025-10-12 18:14:32.648] [warning] Couldn't find file 'hat_jaw.vtp'.
[2025-10-12 18:14:32.648] [warning] Couldn't find file 'hat_skull.vtp'.
[2025-10-12 18:14:32.648] [warning] Couldn't find file 'hat_ribs.vtp'.
[2025-10-13 09:45:19.225] [info] Loaded model H0918v3 from file ./models/H0918v3_web_squat.osim
[2025-10-13 09:45:19.225] [warning] Couldn't find file 'sacrum.vtp'.
[2025-10-13 09:45:19.225] [warning] Couldn't find file 'pelvis.vtp'.
[2025-10-13 09:45:19.225] [warning] Couldn't find file 'l_pelvis.vtp'.
[2025-10-13 09:45:19.225] [warning] Couldn't find file 'femur.vtp'.
[2025-10-13 09:45:19.225] [warning] Couldn't find file 'tibia.vtp'.
[2025-10-13 09:45:19.226] [warning] Couldn't find file 'fibula.vtp'.
[2025-10-13 09:45:19.226] [warning] Couldn't find file 'talus.vtp'.
[2025-10-13 09:45:19.226] [warning] Couldn't find file 'bofoot.vtp'.
[2025-10-13 09:45:19.226] [warning] Couldn't find file 'foot.vtp'.
[2025-10-13 09:45:19.226] [warning] Couldn't find file 'l_femur.vtp'.
[2025-10-13 09:45:19.226] [warning] Couldn't find file 'l_tibia.vtp'.
[2025-10-13 09:45:19.226] [warning] Couldn't find file 'l_fibula.vtp'.
[2025-10-13 09:45:19.226] [warning] Couldn't find file 'l_talus.vtp'.
[2025-10-13 09:45:19.226] [warning] Couldn't find file 'l_bofoot.vtp'.
[2025-10-13 09:45:19.227] [warning] Couldn't find file 'l_foot.vtp'.
[2025-10-13 09:45:19.227] [warning] Couldn't find file 'hat_spine.vtp'.
[2025-10-13 09:45:19.227] [warning] Couldn't find file 'hat_jaw.vtp'.
[2025-10-13 09:45:19.227] [warning] Couldn't find file 'hat_skull.vtp'.
[2025-10-13 09:45:19.227] [warning] Couldn't find file 'hat_ribs.vtp'.
[2025-10-13 10:51:51.406] [info] Loaded model H0918v3 from file ./models/H0918v3_web_squat.osim
[2025-10-13 10:51:51.407] [warning] Couldn't find file 'sacrum.vtp'.
[2025-10-13 10:51:51.407] [warning] Couldn't find file 'pelvis.vtp'.
[2025-10-13 10:51:51.407] [warning] Couldn't find file 'l_pelvis.vtp'.
[2025-10-13 10:51:51.408] [warning] Couldn't find file 'femur.vtp'.
[2025-10-13 10:51:51.408] [warning] Couldn't find file 'tibia.vtp'.
[2025-10-13 10:51:51.408] [warning] Couldn't find file 'fibula.vtp'.
[2025-10-13 10:51:51.408] [warning] Couldn't find file 'talus.vtp'.
[2025-10-13 10:51:51.408] [warning] Couldn't find file 'bofoot.vtp'.
[2025-10-13 10:51:51.408] [warning] Couldn't find file 'foot.vtp'.
[2025-10-13 10:51:51.408] [warning] Couldn't find file 'l_femur.vtp'.
[2025-10-13 10:51:51.408] [warning] Couldn't find file 'l_tibia.vtp'.
[2025-10-13 10:51:51.408] [warning] Couldn't find file 'l_fibula.vtp'.
[2025-10-13 10:51:51.408] [warning] Couldn't find file 'l_talus.vtp'.
[2025-10-13 10:51:51.408] [warning] Couldn't find file 'l_bofoot.vtp'.
[2025-10-13 10:51:51.409] [warning] Couldn't find file 'l_foot.vtp'.
[2025-10-13 10:51:51.409] [warning] Couldn't find file 'hat_spine.vtp'.
[2025-10-13 10:51:51.409] [warning] Couldn't find file 'hat_jaw.vtp'.
[2025-10-13 10:51:51.409] [warning] Couldn't find file 'hat_skull.vtp'.
[2025-10-13 10:51:51.409] [warning] Couldn't find file 'hat_ribs.vtp'.
[2025-10-13 11:09:44.920] [info] Loaded model H0918v3 from file ./models/H0918v3_web_squat.osim
[2025-10-13 11:09:44.920] [warning] Couldn't find file 'sacrum.vtp'.
[2025-10-13 11:09:44.920] [warning] Couldn't find file 'pelvis.vtp'.
[2025-10-13 11:09:44.920] [warning] Couldn't find file 'l_pelvis.vtp'.
[2025-10-13 11:09:44.921] [warning] Couldn't find file 'femur.vtp'.
[2025-10-13 11:09:44.921] [warning] Couldn't find file 'tibia.vtp'.
[2025-10-13 11:09:44.921] [warning] Couldn't find file 'fibula.vtp'.
[2025-10-13 11:09:44.921] [warning] Couldn't find file 'talus.vtp'.
[2025-10-13 11:09:44.921] [warning] Couldn't find file 'bofoot.vtp'.
[2025-10-13 11:09:44.921] [warning] Couldn't find file 'foot.vtp'.
[2025-10-13 11:09:44.921] [warning] Couldn't find file 'l_femur.vtp'.
[2025-10-13 11:09:44.921] [warning] Couldn't find file 'l_tibia.vtp'.
[2025-10-13 11:09:44.921] [warning] Couldn't find file 'l_fibula.vtp'.
[2025-10-13 11:09:44.921] [warning] Couldn't find file 'l_talus.vtp'.
[2025-10-13 11:09:44.921] [warning] Couldn't find file 'l_bofoot.vtp'.
[2025-10-13 11:09:44.922] [warning] Couldn't find file 'l_foot.vtp'.
[2025-10-13 11:09:44.922] [warning] Couldn't find file 'hat_spine.vtp'.
[2025-10-13 11:09:44.922] [warning] Couldn't find file 'hat_jaw.vtp'.
[2025-10-13 11:09:44.922] [warning] Couldn't find file 'hat_skull.vtp'.
[2025-10-13 11:09:44.922] [warning] Couldn't find file 'hat_ribs.vtp'.
[2025-10-17 15:01:37.358] [info] Loaded model H0918v3 from file ./models/H0918v3_web_squat.osim
[2025-10-17 15:01:37.359] [warning] Couldn't find file 'sacrum.vtp'.
[2025-10-17 15:01:37.359] [warning] Couldn't find file 'pelvis.vtp'.
[2025-10-17 15:01:37.359] [warning] Couldn't find file 'l_pelvis.vtp'.
[2025-10-17 15:01:37.359] [warning] Couldn't find file 'femur.vtp'.
[2025-10-17 15:01:37.360] [warning] Couldn't find file 'tibia.vtp'.
[2025-10-17 15:01:37.360] [warning] Couldn't find file 'fibula.vtp'.
[2025-10-17 15:01:37.360] [warning] Couldn't find file 'talus.vtp'.
[2025-10-17 15:01:37.360] [warning] Couldn't find file 'bofoot.vtp'.
[2025-10-17 15:01:37.360] [warning] Couldn't find file 'foot.vtp'.
[2025-10-17 15:01:37.360] [warning] Couldn't find file 'l_femur.vtp'.
[2025-10-17 15:01:37.360] [warning] Couldn't find file 'l_tibia.vtp'.
[2025-10-17 15:01:37.360] [warning] Couldn't find file 'l_fibula.vtp'.
[2025-10-17 15:01:37.361] [warning] Couldn't find file 'l_talus.vtp'.
[2025-10-17 15:01:37.361] [warning] Couldn't find file 'l_bofoot.vtp'.
[2025-10-17 15:01:37.361] [warning] Couldn't find file 'l_foot.vtp'.
[2025-10-17 15:01:37.361] [warning] Couldn't find file 'hat_spine.vtp'.
[2025-10-17 15:01:37.361] [warning] Couldn't find file 'hat_jaw.vtp'.
[2025-10-17 15:01:37.361] [warning] Couldn't find file 'hat_skull.vtp'.
[2025-10-17 15:01:37.361] [warning] Couldn't find file 'hat_ribs.vtp'.
